<?xml version="1.0" encoding="UTF-8"?>
<robot generator="Robot 6.1.1 (Python 3.9.13 on win32)" generated="20230827 13:25:18.773" rpa="false" schemaversion="4">
<suite id="s1" name="RobotFrameworkTutorial1" source="C:\Users\War Machine\Desktop\RobotFrameworkTutorial1">
<suite id="s1-s1" name="Tests" source="C:\Users\War Machine\Desktop\RobotFrameworkTutorial1\Tests">
<suite id="s1-s1-s1" name="Crm" source="C:\Users\War Machine\Desktop\RobotFrameworkTutorial1\Tests\Crm.robot">
<test id="s1-s1-s1-t1" name="Home paga should load" line="18">
<kw name="Begin Web Test" library="Common" type="SETUP">
<arg>https://automationplayground.com/crm</arg>
<arg>chrome</arg>
<kw name="Set Selenium Timeout" library="SeleniumLibrary">
<arg>10s</arg>
<doc>Sets the timeout that is used by various keywords.</doc>
<status status="PASS" starttime="20230827 13:25:18.969" endtime="20230827 13:25:18.969"/>
</kw>
<kw name="Log" library="BuiltIn">
<arg>Starting the test case!</arg>
<doc>Logs the given message with the given level.</doc>
<msg timestamp="20230827 13:25:18.969" level="INFO">Starting the test case!</msg>
<status status="PASS" starttime="20230827 13:25:18.969" endtime="20230827 13:25:18.969"/>
</kw>
<kw name="Open Browser" library="SeleniumLibrary">
<arg>about:blank</arg>
<arg>${browser}</arg>
<doc>Opens a new browser instance to the optional ``url``.</doc>
<msg timestamp="20230827 13:25:18.969" level="INFO">Opening browser 'chrome' to base url 'about:blank'.</msg>
<status status="PASS" starttime="20230827 13:25:18.969" endtime="20230827 13:25:20.990"/>
</kw>
<kw name="Set Window Position" library="SeleniumLibrary">
<arg>x=341</arg>
<arg>y=169</arg>
<doc>Sets window position using ``x`` and ``y`` coordinates.</doc>
<status status="PASS" starttime="20230827 13:25:20.991" endtime="20230827 13:25:21.107"/>
</kw>
<kw name="Set Window Size" library="SeleniumLibrary">
<arg>width=1920</arg>
<arg>height=1080</arg>
<doc>Sets current windows size to given ``width`` and ``height``.</doc>
<status status="PASS" starttime="20230827 13:25:21.107" endtime="20230827 13:25:21.215"/>
</kw>
<status status="PASS" starttime="20230827 13:25:18.968" endtime="20230827 13:25:21.215"/>
</kw>
<kw name="Go to &quot;Home&quot; Page" library="CrmApp">
<kw name="Navigate To" library="Home">
<kw name="Go To" library="SeleniumLibrary">
<arg>${URL}</arg>
<doc>Navigates the current browser window to the provided ``url``.</doc>
<msg timestamp="20230827 13:25:21.216" level="INFO">Opening url 'https://automationplayground.com/crm'</msg>
<status status="PASS" starttime="20230827 13:25:21.216" endtime="20230827 13:25:22.608"/>
</kw>
<kw name="Verify Page Loaded" library="Home">
<kw name="Wait Until Page Contains" library="SeleniumLibrary">
<arg>${HOME_HEADER_LABEL}</arg>
<doc>Waits until ``text`` appears on the current page.</doc>
<status status="PASS" starttime="20230827 13:25:22.609" endtime="20230827 13:25:22.635"/>
</kw>
<status status="PASS" starttime="20230827 13:25:22.609" endtime="20230827 13:25:22.635"/>
</kw>
<status status="PASS" starttime="20230827 13:25:21.216" endtime="20230827 13:25:22.636"/>
</kw>
<status status="PASS" starttime="20230827 13:25:21.216" endtime="20230827 13:25:22.636"/>
</kw>
<kw name="Close Browser After Seconds" library="Common" type="TEARDOWN">
<kw name="Close All Browsers" library="SeleniumLibrary">
<doc>Closes all open browsers and resets the browser cache.</doc>
<status status="PASS" starttime="20230827 13:25:22.636" endtime="20230827 13:25:28.847"/>
</kw>
<status status="PASS" starttime="20230827 13:25:22.636" endtime="20230827 13:25:28.847"/>
</kw>
<doc>Test the homepage</doc>
<tag>1001</tag>
<tag>Home</tag>
<tag>Smoke</tag>
<status status="PASS" starttime="20230827 13:25:18.967" endtime="20230827 13:25:28.847"/>
</test>
<test id="s1-s1-s1-t2" name="Should be able to Login With Valid Credentials" line="23">
<kw name="Begin Web Test" library="Common" type="SETUP">
<arg>https://automationplayground.com/crm</arg>
<arg>chrome</arg>
<kw name="Set Selenium Timeout" library="SeleniumLibrary">
<arg>10s</arg>
<doc>Sets the timeout that is used by various keywords.</doc>
<status status="PASS" starttime="20230827 13:25:28.848" endtime="20230827 13:25:28.848"/>
</kw>
<kw name="Log" library="BuiltIn">
<arg>Starting the test case!</arg>
<doc>Logs the given message with the given level.</doc>
<msg timestamp="20230827 13:25:28.848" level="INFO">Starting the test case!</msg>
<status status="PASS" starttime="20230827 13:25:28.848" endtime="20230827 13:25:28.848"/>
</kw>
<kw name="Open Browser" library="SeleniumLibrary">
<arg>about:blank</arg>
<arg>${browser}</arg>
<doc>Opens a new browser instance to the optional ``url``.</doc>
<msg timestamp="20230827 13:25:28.849" level="INFO">Opening browser 'chrome' to base url 'about:blank'.</msg>
<status status="PASS" starttime="20230827 13:25:28.848" endtime="20230827 13:25:30.214"/>
</kw>
<kw name="Set Window Position" library="SeleniumLibrary">
<arg>x=341</arg>
<arg>y=169</arg>
<doc>Sets window position using ``x`` and ``y`` coordinates.</doc>
<status status="PASS" starttime="20230827 13:25:30.215" endtime="20230827 13:25:30.324"/>
</kw>
<kw name="Set Window Size" library="SeleniumLibrary">
<arg>width=1920</arg>
<arg>height=1080</arg>
<doc>Sets current windows size to given ``width`` and ``height``.</doc>
<status status="PASS" starttime="20230827 13:25:30.324" endtime="20230827 13:25:30.432"/>
</kw>
<status status="PASS" starttime="20230827 13:25:28.848" endtime="20230827 13:25:30.432"/>
</kw>
<kw name="Go to &quot;Home&quot; Page" library="CrmApp">
<kw name="Navigate To" library="Home">
<kw name="Go To" library="SeleniumLibrary">
<arg>${URL}</arg>
<doc>Navigates the current browser window to the provided ``url``.</doc>
<msg timestamp="20230827 13:25:30.433" level="INFO">Opening url 'https://automationplayground.com/crm'</msg>
<status status="PASS" starttime="20230827 13:25:30.433" endtime="20230827 13:25:33.130"/>
</kw>
<kw name="Verify Page Loaded" library="Home">
<kw name="Wait Until Page Contains" library="SeleniumLibrary">
<arg>${HOME_HEADER_LABEL}</arg>
<doc>Waits until ``text`` appears on the current page.</doc>
<status status="PASS" starttime="20230827 13:25:33.131" endtime="20230827 13:25:33.161"/>
</kw>
<status status="PASS" starttime="20230827 13:25:33.131" endtime="20230827 13:25:33.161"/>
</kw>
<status status="PASS" starttime="20230827 13:25:30.433" endtime="20230827 13:25:33.161"/>
</kw>
<status status="PASS" starttime="20230827 13:25:30.433" endtime="20230827 13:25:33.161"/>
</kw>
<kw name="Login With Valid Credentials" library="CrmApp">
<arg>${VALID_LOGIN_EMAIL}</arg>
<arg>${VALID_LOGIN_PASSWORD}</arg>
<kw name="Click &quot;Sign In&quot; Link" library="TopNav">
<kw name="Click Link" library="SeleniumLibrary">
<arg>${TOPNAV_SIGNIN_LINK}</arg>
<doc>Clicks a link identified by ``locator``.</doc>
<msg timestamp="20230827 13:25:33.162" level="INFO">Clicking link 'id=SignIn'.</msg>
<status status="PASS" starttime="20230827 13:25:33.161" endtime="20230827 13:25:33.341"/>
</kw>
<status status="PASS" starttime="20230827 13:25:33.161" endtime="20230827 13:25:33.341"/>
</kw>
<kw name="Verify Page Loaded" library="SignIn">
<kw name="Wait Until Page Contains" library="SeleniumLibrary">
<arg>${SIGNIN_HEADER_LABEL}</arg>
<doc>Waits until ``text`` appears on the current page.</doc>
<status status="PASS" starttime="20230827 13:25:33.341" endtime="20230827 13:25:33.364"/>
</kw>
<status status="PASS" starttime="20230827 13:25:33.341" endtime="20230827 13:25:33.364"/>
</kw>
<kw name="Login With Valid Credentials" library="SignIn">
<arg>${Email}</arg>
<arg>${Password}</arg>
<kw name="Fill &quot;Email&quot; field" library="SignIn">
<arg>${Email}</arg>
<kw name="Input Text" library="SeleniumLibrary">
<arg>${SIGNIN_EMAIL_TEXTBOX}</arg>
<arg>${Email}</arg>
<doc>Types the given ``text`` into the text field identified by ``locator``.</doc>
<msg timestamp="20230827 13:25:33.365" level="INFO">Typing text 'admin@robotframeworktutorial.com' into text field 'id=email-id'.</msg>
<status status="PASS" starttime="20230827 13:25:33.364" endtime="20230827 13:25:33.448"/>
</kw>
<status status="PASS" starttime="20230827 13:25:33.364" endtime="20230827 13:25:33.448"/>
</kw>
<kw name="Fill &quot;Password&quot; field" library="SignIn">
<arg>${Password}</arg>
<kw name="Input Text" library="SeleniumLibrary">
<arg>${SIGNIN_PASSWORD_TEXTBOX}</arg>
<arg>${Password}</arg>
<doc>Types the given ``text`` into the text field identified by ``locator``.</doc>
<msg timestamp="20230827 13:25:33.449" level="INFO">Typing text '123456' into text field 'id=password'.</msg>
<status status="PASS" starttime="20230827 13:25:33.448" endtime="20230827 13:25:33.505"/>
</kw>
<status status="PASS" starttime="20230827 13:25:33.448" endtime="20230827 13:25:33.506"/>
</kw>
<kw name="Click &quot;Submit&quot; Button" library="SignIn">
<kw name="Click Button" library="SeleniumLibrary">
<arg>${SIGNIN_SUBMIT_BUTTON}</arg>
<doc>Clicks the button identified by ``locator``.</doc>
<msg timestamp="20230827 13:25:33.507" level="INFO">Clicking button 'id=submit-id'.</msg>
<status status="PASS" starttime="20230827 13:25:33.506" endtime="20230827 13:25:33.606"/>
</kw>
<status status="PASS" starttime="20230827 13:25:33.506" endtime="20230827 13:25:33.606"/>
</kw>
<status status="PASS" starttime="20230827 13:25:33.364" endtime="20230827 13:25:33.606"/>
</kw>
<kw name="Verify Page Loaded" library="Customers">
<kw name="Wait Until Page Contains" library="SeleniumLibrary">
<arg>${CUSTOMERS_HEADER_LABEL}</arg>
<doc>Waits until ``text`` appears on the current page.</doc>
<status status="PASS" starttime="20230827 13:25:33.607" endtime="20230827 13:25:34.049"/>
</kw>
<status status="PASS" starttime="20230827 13:25:33.606" endtime="20230827 13:25:34.049"/>
</kw>
<status status="PASS" starttime="20230827 13:25:33.161" endtime="20230827 13:25:34.049"/>
</kw>
<kw name="Close Browser After Seconds" library="Common" type="TEARDOWN">
<kw name="Close All Browsers" library="SeleniumLibrary">
<doc>Closes all open browsers and resets the browser cache.</doc>
<status status="PASS" starttime="20230827 13:25:34.050" endtime="20230827 13:25:40.263"/>
</kw>
<status status="PASS" starttime="20230827 13:25:34.050" endtime="20230827 13:25:40.263"/>
</kw>
<doc>Test the login</doc>
<tag>1002</tag>
<tag>Login</tag>
<tag>Smoke</tag>
<status status="PASS" starttime="20230827 13:25:28.847" endtime="20230827 13:25:40.263"/>
</test>
<test id="s1-s1-s1-t3" name="Should be able to Log Out" line="29">
<kw name="Begin Web Test" library="Common" type="SETUP">
<arg>https://automationplayground.com/crm</arg>
<arg>chrome</arg>
<kw name="Set Selenium Timeout" library="SeleniumLibrary">
<arg>10s</arg>
<doc>Sets the timeout that is used by various keywords.</doc>
<status status="PASS" starttime="20230827 13:25:40.264" endtime="20230827 13:25:40.265"/>
</kw>
<kw name="Log" library="BuiltIn">
<arg>Starting the test case!</arg>
<doc>Logs the given message with the given level.</doc>
<msg timestamp="20230827 13:25:40.265" level="INFO">Starting the test case!</msg>
<status status="PASS" starttime="20230827 13:25:40.265" endtime="20230827 13:25:40.265"/>
</kw>
<kw name="Open Browser" library="SeleniumLibrary">
<arg>about:blank</arg>
<arg>${browser}</arg>
<doc>Opens a new browser instance to the optional ``url``.</doc>
<msg timestamp="20230827 13:25:40.265" level="INFO">Opening browser 'chrome' to base url 'about:blank'.</msg>
<status status="PASS" starttime="20230827 13:25:40.265" endtime="20230827 13:25:41.610"/>
</kw>
<kw name="Set Window Position" library="SeleniumLibrary">
<arg>x=341</arg>
<arg>y=169</arg>
<doc>Sets window position using ``x`` and ``y`` coordinates.</doc>
<status status="PASS" starttime="20230827 13:25:41.611" endtime="20230827 13:25:41.727"/>
</kw>
<kw name="Set Window Size" library="SeleniumLibrary">
<arg>width=1920</arg>
<arg>height=1080</arg>
<doc>Sets current windows size to given ``width`` and ``height``.</doc>
<status status="PASS" starttime="20230827 13:25:41.727" endtime="20230827 13:25:41.836"/>
</kw>
<status status="PASS" starttime="20230827 13:25:40.264" endtime="20230827 13:25:41.836"/>
</kw>
<kw name="Go to &quot;Home&quot; Page" library="CrmApp">
<kw name="Navigate To" library="Home">
<kw name="Go To" library="SeleniumLibrary">
<arg>${URL}</arg>
<doc>Navigates the current browser window to the provided ``url``.</doc>
<msg timestamp="20230827 13:25:41.837" level="INFO">Opening url 'https://automationplayground.com/crm'</msg>
<status status="PASS" starttime="20230827 13:25:41.837" endtime="20230827 13:25:42.624"/>
</kw>
<kw name="Verify Page Loaded" library="Home">
<kw name="Wait Until Page Contains" library="SeleniumLibrary">
<arg>${HOME_HEADER_LABEL}</arg>
<doc>Waits until ``text`` appears on the current page.</doc>
<status status="PASS" starttime="20230827 13:25:42.625" endtime="20230827 13:25:42.633"/>
</kw>
<status status="PASS" starttime="20230827 13:25:42.624" endtime="20230827 13:25:42.634"/>
</kw>
<status status="PASS" starttime="20230827 13:25:41.837" endtime="20230827 13:25:42.634"/>
</kw>
<status status="PASS" starttime="20230827 13:25:41.837" endtime="20230827 13:25:42.634"/>
</kw>
<kw name="Login With Valid Credentials" library="CrmApp">
<arg>${VALID_LOGIN_EMAIL}</arg>
<arg>${VALID_LOGIN_PASSWORD}</arg>
<kw name="Click &quot;Sign In&quot; Link" library="TopNav">
<kw name="Click Link" library="SeleniumLibrary">
<arg>${TOPNAV_SIGNIN_LINK}</arg>
<doc>Clicks a link identified by ``locator``.</doc>
<msg timestamp="20230827 13:25:42.635" level="INFO">Clicking link 'id=SignIn'.</msg>
<status status="PASS" starttime="20230827 13:25:42.634" endtime="20230827 13:25:42.838"/>
</kw>
<status status="PASS" starttime="20230827 13:25:42.634" endtime="20230827 13:25:42.838"/>
</kw>
<kw name="Verify Page Loaded" library="SignIn">
<kw name="Wait Until Page Contains" library="SeleniumLibrary">
<arg>${SIGNIN_HEADER_LABEL}</arg>
<doc>Waits until ``text`` appears on the current page.</doc>
<status status="PASS" starttime="20230827 13:25:42.839" endtime="20230827 13:25:42.849"/>
</kw>
<status status="PASS" starttime="20230827 13:25:42.838" endtime="20230827 13:25:42.849"/>
</kw>
<kw name="Login With Valid Credentials" library="SignIn">
<arg>${Email}</arg>
<arg>${Password}</arg>
<kw name="Fill &quot;Email&quot; field" library="SignIn">
<arg>${Email}</arg>
<kw name="Input Text" library="SeleniumLibrary">
<arg>${SIGNIN_EMAIL_TEXTBOX}</arg>
<arg>${Email}</arg>
<doc>Types the given ``text`` into the text field identified by ``locator``.</doc>
<msg timestamp="20230827 13:25:42.850" level="INFO">Typing text 'admin@robotframeworktutorial.com' into text field 'id=email-id'.</msg>
<status status="PASS" starttime="20230827 13:25:42.850" endtime="20230827 13:25:42.936"/>
</kw>
<status status="PASS" starttime="20230827 13:25:42.850" endtime="20230827 13:25:42.936"/>
</kw>
<kw name="Fill &quot;Password&quot; field" library="SignIn">
<arg>${Password}</arg>
<kw name="Input Text" library="SeleniumLibrary">
<arg>${SIGNIN_PASSWORD_TEXTBOX}</arg>
<arg>${Password}</arg>
<doc>Types the given ``text`` into the text field identified by ``locator``.</doc>
<msg timestamp="20230827 13:25:42.937" level="INFO">Typing text '123456' into text field 'id=password'.</msg>
<status status="PASS" starttime="20230827 13:25:42.936" endtime="20230827 13:25:42.994"/>
</kw>
<status status="PASS" starttime="20230827 13:25:42.936" endtime="20230827 13:25:42.995"/>
</kw>
<kw name="Click &quot;Submit&quot; Button" library="SignIn">
<kw name="Click Button" library="SeleniumLibrary">
<arg>${SIGNIN_SUBMIT_BUTTON}</arg>
<doc>Clicks the button identified by ``locator``.</doc>
<msg timestamp="20230827 13:25:42.995" level="INFO">Clicking button 'id=submit-id'.</msg>
<status status="PASS" starttime="20230827 13:25:42.995" endtime="20230827 13:25:43.116"/>
</kw>
<status status="PASS" starttime="20230827 13:25:42.995" endtime="20230827 13:25:43.116"/>
</kw>
<status status="PASS" starttime="20230827 13:25:42.849" endtime="20230827 13:25:43.116"/>
</kw>
<kw name="Verify Page Loaded" library="Customers">
<kw name="Wait Until Page Contains" library="SeleniumLibrary">
<arg>${CUSTOMERS_HEADER_LABEL}</arg>
<doc>Waits until ``text`` appears on the current page.</doc>
<status status="PASS" starttime="20230827 13:25:43.117" endtime="20230827 13:25:43.570"/>
</kw>
<status status="PASS" starttime="20230827 13:25:43.116" endtime="20230827 13:25:43.570"/>
</kw>
<status status="PASS" starttime="20230827 13:25:42.634" endtime="20230827 13:25:43.570"/>
</kw>
<kw name="Sign Out" library="CrmApp">
<kw name="Click &quot;Sign Out&quot; Link" library="TopNav">
<kw name="Click Link" library="SeleniumLibrary">
<arg>${TOPNAV_SIGNOUT_LINK}</arg>
<doc>Clicks a link identified by ``locator``.</doc>
<msg timestamp="20230827 13:25:43.571" level="INFO">Clicking link 'Sign Out'.</msg>
<status status="PASS" starttime="20230827 13:25:43.571" endtime="20230827 13:25:43.700"/>
</kw>
<status status="PASS" starttime="20230827 13:25:43.570" endtime="20230827 13:25:43.700"/>
</kw>
<kw name="Verify Page Loaded" library="LoggedOut">
<kw name="Wait Until Page Contains" library="SeleniumLibrary">
<arg>${LOGGEDOUT_HEADER_LABEL}</arg>
<doc>Waits until ``text`` appears on the current page.</doc>
<status status="PASS" starttime="20230827 13:25:43.700" endtime="20230827 13:25:43.708"/>
</kw>
<status status="PASS" starttime="20230827 13:25:43.700" endtime="20230827 13:25:43.708"/>
</kw>
<status status="PASS" starttime="20230827 13:25:43.570" endtime="20230827 13:25:43.708"/>
</kw>
<kw name="Close Browser After Seconds" library="Common" type="TEARDOWN">
<kw name="Close All Browsers" library="SeleniumLibrary">
<doc>Closes all open browsers and resets the browser cache.</doc>
<status status="PASS" starttime="20230827 13:25:43.709" endtime="20230827 13:25:49.921"/>
</kw>
<status status="PASS" starttime="20230827 13:25:43.709" endtime="20230827 13:25:49.921"/>
</kw>
<doc>Test the log out</doc>
<tag>1004</tag>
<tag>LogOut</tag>
<tag>Smoke</tag>
<status status="PASS" starttime="20230827 13:25:40.264" endtime="20230827 13:25:49.921"/>
</test>
<test id="s1-s1-s1-t4" name="Should be able to add new customer" line="37">
<kw name="Begin Web Test" library="Common" type="SETUP">
<arg>https://automationplayground.com/crm</arg>
<arg>chrome</arg>
<kw name="Set Selenium Timeout" library="SeleniumLibrary">
<arg>10s</arg>
<doc>Sets the timeout that is used by various keywords.</doc>
<status status="PASS" starttime="20230827 13:25:49.922" endtime="20230827 13:25:49.922"/>
</kw>
<kw name="Log" library="BuiltIn">
<arg>Starting the test case!</arg>
<doc>Logs the given message with the given level.</doc>
<msg timestamp="20230827 13:25:49.923" level="INFO">Starting the test case!</msg>
<status status="PASS" starttime="20230827 13:25:49.922" endtime="20230827 13:25:49.923"/>
</kw>
<kw name="Open Browser" library="SeleniumLibrary">
<arg>about:blank</arg>
<arg>${browser}</arg>
<doc>Opens a new browser instance to the optional ``url``.</doc>
<msg timestamp="20230827 13:25:49.923" level="INFO">Opening browser 'chrome' to base url 'about:blank'.</msg>
<status status="PASS" starttime="20230827 13:25:49.923" endtime="20230827 13:25:51.284"/>
</kw>
<kw name="Set Window Position" library="SeleniumLibrary">
<arg>x=341</arg>
<arg>y=169</arg>
<doc>Sets window position using ``x`` and ``y`` coordinates.</doc>
<status status="PASS" starttime="20230827 13:25:51.284" endtime="20230827 13:25:51.398"/>
</kw>
<kw name="Set Window Size" library="SeleniumLibrary">
<arg>width=1920</arg>
<arg>height=1080</arg>
<doc>Sets current windows size to given ``width`` and ``height``.</doc>
<status status="PASS" starttime="20230827 13:25:51.398" endtime="20230827 13:25:51.508"/>
</kw>
<status status="PASS" starttime="20230827 13:25:49.921" endtime="20230827 13:25:51.508"/>
</kw>
<kw name="Go to &quot;Home&quot; Page" library="CrmApp">
<kw name="Navigate To" library="Home">
<kw name="Go To" library="SeleniumLibrary">
<arg>${URL}</arg>
<doc>Navigates the current browser window to the provided ``url``.</doc>
<msg timestamp="20230827 13:25:51.508" level="INFO">Opening url 'https://automationplayground.com/crm'</msg>
<status status="PASS" starttime="20230827 13:25:51.508" endtime="20230827 13:25:52.541"/>
</kw>
<kw name="Verify Page Loaded" library="Home">
<kw name="Wait Until Page Contains" library="SeleniumLibrary">
<arg>${HOME_HEADER_LABEL}</arg>
<doc>Waits until ``text`` appears on the current page.</doc>
<status status="PASS" starttime="20230827 13:25:52.541" endtime="20230827 13:25:52.570"/>
</kw>
<status status="PASS" starttime="20230827 13:25:52.541" endtime="20230827 13:25:52.570"/>
</kw>
<status status="PASS" starttime="20230827 13:25:51.508" endtime="20230827 13:25:52.570"/>
</kw>
<status status="PASS" starttime="20230827 13:25:51.508" endtime="20230827 13:25:52.570"/>
</kw>
<kw name="Login With Valid Credentials" library="CrmApp">
<arg>${VALID_LOGIN_EMAIL}</arg>
<arg>${VALID_LOGIN_PASSWORD}</arg>
<kw name="Click &quot;Sign In&quot; Link" library="TopNav">
<kw name="Click Link" library="SeleniumLibrary">
<arg>${TOPNAV_SIGNIN_LINK}</arg>
<doc>Clicks a link identified by ``locator``.</doc>
<msg timestamp="20230827 13:25:52.571" level="INFO">Clicking link 'id=SignIn'.</msg>
<status status="PASS" starttime="20230827 13:25:52.571" endtime="20230827 13:25:52.751"/>
</kw>
<status status="PASS" starttime="20230827 13:25:52.571" endtime="20230827 13:25:52.751"/>
</kw>
<kw name="Verify Page Loaded" library="SignIn">
<kw name="Wait Until Page Contains" library="SeleniumLibrary">
<arg>${SIGNIN_HEADER_LABEL}</arg>
<doc>Waits until ``text`` appears on the current page.</doc>
<status status="PASS" starttime="20230827 13:25:52.751" endtime="20230827 13:25:52.762"/>
</kw>
<status status="PASS" starttime="20230827 13:25:52.751" endtime="20230827 13:25:52.762"/>
</kw>
<kw name="Login With Valid Credentials" library="SignIn">
<arg>${Email}</arg>
<arg>${Password}</arg>
<kw name="Fill &quot;Email&quot; field" library="SignIn">
<arg>${Email}</arg>
<kw name="Input Text" library="SeleniumLibrary">
<arg>${SIGNIN_EMAIL_TEXTBOX}</arg>
<arg>${Email}</arg>
<doc>Types the given ``text`` into the text field identified by ``locator``.</doc>
<msg timestamp="20230827 13:25:52.764" level="INFO">Typing text 'admin@robotframeworktutorial.com' into text field 'id=email-id'.</msg>
<status status="PASS" starttime="20230827 13:25:52.764" endtime="20230827 13:25:52.906"/>
</kw>
<status status="PASS" starttime="20230827 13:25:52.763" endtime="20230827 13:25:52.906"/>
</kw>
<kw name="Fill &quot;Password&quot; field" library="SignIn">
<arg>${Password}</arg>
<kw name="Input Text" library="SeleniumLibrary">
<arg>${SIGNIN_PASSWORD_TEXTBOX}</arg>
<arg>${Password}</arg>
<doc>Types the given ``text`` into the text field identified by ``locator``.</doc>
<msg timestamp="20230827 13:25:52.907" level="INFO">Typing text '123456' into text field 'id=password'.</msg>
<status status="PASS" starttime="20230827 13:25:52.907" endtime="20230827 13:25:53.038"/>
</kw>
<status status="PASS" starttime="20230827 13:25:52.907" endtime="20230827 13:25:53.038"/>
</kw>
<kw name="Click &quot;Submit&quot; Button" library="SignIn">
<kw name="Click Button" library="SeleniumLibrary">
<arg>${SIGNIN_SUBMIT_BUTTON}</arg>
<doc>Clicks the button identified by ``locator``.</doc>
<msg timestamp="20230827 13:25:53.039" level="INFO">Clicking button 'id=submit-id'.</msg>
<status status="PASS" starttime="20230827 13:25:53.039" endtime="20230827 13:25:53.148"/>
</kw>
<status status="PASS" starttime="20230827 13:25:53.038" endtime="20230827 13:25:53.148"/>
</kw>
<status status="PASS" starttime="20230827 13:25:52.762" endtime="20230827 13:25:53.148"/>
</kw>
<kw name="Verify Page Loaded" library="Customers">
<kw name="Wait Until Page Contains" library="SeleniumLibrary">
<arg>${CUSTOMERS_HEADER_LABEL}</arg>
<doc>Waits until ``text`` appears on the current page.</doc>
<status status="PASS" starttime="20230827 13:25:53.149" endtime="20230827 13:25:53.403"/>
</kw>
<status status="PASS" starttime="20230827 13:25:53.148" endtime="20230827 13:25:53.403"/>
</kw>
<status status="PASS" starttime="20230827 13:25:52.571" endtime="20230827 13:25:53.403"/>
</kw>
<kw name="Add New Customer" library="CrmApp">
<kw name="Click Add Customer Link" library="Customers">
<kw name="Click Link" library="SeleniumLibrary">
<arg>${CUSTOMERS_ADD_CUSTOMER_LINK}</arg>
<doc>Clicks a link identified by ``locator``.</doc>
<msg timestamp="20230827 13:25:53.404" level="INFO">Clicking link 'id=new-customer'.</msg>
<status status="PASS" starttime="20230827 13:25:53.404" endtime="20230827 13:25:53.670"/>
</kw>
<status status="PASS" starttime="20230827 13:25:53.404" endtime="20230827 13:25:53.670"/>
</kw>
<kw name="Verify Page Loaded" library="AddCustomer">
<kw name="Wait Until Page Contains" library="SeleniumLibrary">
<arg>${ADD_CUSTOMER_HEADER_LABEL}</arg>
<doc>Waits until ``text`` appears on the current page.</doc>
<status status="PASS" starttime="20230827 13:25:53.671" endtime="20230827 13:25:53.679"/>
</kw>
<status status="PASS" starttime="20230827 13:25:53.670" endtime="20230827 13:25:53.679"/>
</kw>
<kw name="Add New Customer" library="AddCustomer">
<kw name="Fill Customer Fields" library="AddCustomer">
<kw name="Input Text" library="SeleniumLibrary">
<arg>${ADD_CUSTOMER_EMAIL_FIELD}</arg>
<arg>email@test.com</arg>
<doc>Types the given ``text`` into the text field identified by ``locator``.</doc>
<msg timestamp="20230827 13:25:53.680" level="INFO">Typing text 'email@test.com' into text field 'id=EmailAddress'.</msg>
<status status="PASS" starttime="20230827 13:25:53.679" endtime="20230827 13:25:53.732"/>
</kw>
<kw name="Input Text" library="SeleniumLibrary">
<arg>${ADD_CUSTOMER_NAME_FIELD}</arg>
<arg>Joseph</arg>
<doc>Types the given ``text`` into the text field identified by ``locator``.</doc>
<msg timestamp="20230827 13:25:53.733" level="INFO">Typing text 'Joseph' into text field 'id=FirstName'.</msg>
<status status="PASS" starttime="20230827 13:25:53.733" endtime="20230827 13:25:53.787"/>
</kw>
<kw name="Input Text" library="SeleniumLibrary">
<arg>${ADD_CUSTOMER_LAST_NAME_FIELD}</arg>
<arg>De Los Santos</arg>
<doc>Types the given ``text`` into the text field identified by ``locator``.</doc>
<msg timestamp="20230827 13:25:53.788" level="INFO">Typing text 'De Los Santos' into text field 'id=LastName'.</msg>
<status status="PASS" starttime="20230827 13:25:53.787" endtime="20230827 13:25:53.843"/>
</kw>
<kw name="Input Text" library="SeleniumLibrary">
<arg>${ADD_CUSTOMER_CITY_FIELD}</arg>
<arg>Santiago</arg>
<doc>Types the given ``text`` into the text field identified by ``locator``.</doc>
<msg timestamp="20230827 13:25:53.844" level="INFO">Typing text 'Santiago' into text field 'id=City'.</msg>
<status status="PASS" starttime="20230827 13:25:53.843" endtime="20230827 13:25:53.909"/>
</kw>
<kw name="Select From List By Value" library="SeleniumLibrary">
<arg>${ADD_CUSTOMER_STATE_DROPDOWN}</arg>
<arg>TX</arg>
<doc>Selects options from selection list ``locator`` by ``values``.</doc>
<msg timestamp="20230827 13:25:53.909" level="INFO">Selecting options from selection list 'id=StateOrRegion' by value TX.</msg>
<status status="PASS" starttime="20230827 13:25:53.909" endtime="20230827 13:25:53.962"/>
</kw>
<kw name="Select Radio Button" library="SeleniumLibrary">
<arg>${ADD_CUSTOMER_GENDER_RADIO}</arg>
<arg>male</arg>
<doc>Sets the radio button group ``group_name`` to ``value``.</doc>
<msg timestamp="20230827 13:25:53.962" level="INFO">Selecting 'male' from radio button 'gender'.</msg>
<status status="PASS" starttime="20230827 13:25:53.962" endtime="20230827 13:25:54.022"/>
</kw>
<kw name="Select Checkbox" library="SeleniumLibrary">
<arg>${ADD_CUSTOMER_PROMO_CHECKBOX}</arg>
<doc>Selects the checkbox identified by ``locator``.</doc>
<msg timestamp="20230827 13:25:54.023" level="INFO">Selecting checkbox 'name=promos-name'.</msg>
<status status="PASS" starttime="20230827 13:25:54.023" endtime="20230827 13:25:54.066"/>
</kw>
<status status="PASS" starttime="20230827 13:25:53.679" endtime="20230827 13:25:54.066"/>
</kw>
<kw name="Clicks Submit Button" library="AddCustomer">
<kw name="Click Button" library="SeleniumLibrary">
<arg>${ADD_CUSTOMER_SUBMIT_BUTTON}</arg>
<doc>Clicks the button identified by ``locator``.</doc>
<msg timestamp="20230827 13:25:54.067" level="INFO">Clicking button 'Submit'.</msg>
<status status="PASS" starttime="20230827 13:25:54.066" endtime="20230827 13:25:54.200"/>
</kw>
<status status="PASS" starttime="20230827 13:25:54.066" endtime="20230827 13:25:54.200"/>
</kw>
<status status="PASS" starttime="20230827 13:25:53.679" endtime="20230827 13:25:54.200"/>
</kw>
<kw name="Verify Customer Added Successfully" library="Customers">
<kw name="Wait Until Page Contains" library="SeleniumLibrary">
<arg>${CUSTOMERS_CUSTOMER_SUCCESS_LABEL}</arg>
<doc>Waits until ``text`` appears on the current page.</doc>
<status status="PASS" starttime="20230827 13:25:54.200" endtime="20230827 13:25:54.209"/>
</kw>
<status status="PASS" starttime="20230827 13:25:54.200" endtime="20230827 13:25:54.209"/>
</kw>
<status status="PASS" starttime="20230827 13:25:53.403" endtime="20230827 13:25:54.209"/>
</kw>
<kw name="Sign Out" library="CrmApp">
<kw name="Click &quot;Sign Out&quot; Link" library="TopNav">
<kw name="Click Link" library="SeleniumLibrary">
<arg>${TOPNAV_SIGNOUT_LINK}</arg>
<doc>Clicks a link identified by ``locator``.</doc>
<msg timestamp="20230827 13:25:54.210" level="INFO">Clicking link 'Sign Out'.</msg>
<status status="PASS" starttime="20230827 13:25:54.210" endtime="20230827 13:25:54.320"/>
</kw>
<status status="PASS" starttime="20230827 13:25:54.210" endtime="20230827 13:25:54.320"/>
</kw>
<kw name="Verify Page Loaded" library="LoggedOut">
<kw name="Wait Until Page Contains" library="SeleniumLibrary">
<arg>${LOGGEDOUT_HEADER_LABEL}</arg>
<doc>Waits until ``text`` appears on the current page.</doc>
<status status="PASS" starttime="20230827 13:25:54.321" endtime="20230827 13:25:54.329"/>
</kw>
<status status="PASS" starttime="20230827 13:25:54.320" endtime="20230827 13:25:54.329"/>
</kw>
<status status="PASS" starttime="20230827 13:25:54.210" endtime="20230827 13:25:54.329"/>
</kw>
<kw name="Close Browser After Seconds" library="Common" type="TEARDOWN">
<kw name="Close All Browsers" library="SeleniumLibrary">
<doc>Closes all open browsers and resets the browser cache.</doc>
<status status="PASS" starttime="20230827 13:25:54.330" endtime="20230827 13:26:00.546"/>
</kw>
<status status="PASS" starttime="20230827 13:25:54.330" endtime="20230827 13:26:00.546"/>
</kw>
<doc>Test Adding a new Customer</doc>
<tag>1006</tag>
<tag>Contacts</tag>
<tag>Smoke</tag>
<status status="PASS" starttime="20230827 13:25:49.921" endtime="20230827 13:26:00.546"/>
</test>
<doc>This is some basic info about the whole suite</doc>
<status status="PASS" starttime="20230827 13:25:18.799" endtime="20230827 13:26:00.547"/>
</suite>
<status status="PASS" starttime="20230827 13:25:18.798" endtime="20230827 13:26:00.549"/>
</suite>
<status status="PASS" starttime="20230827 13:25:18.779" endtime="20230827 13:26:00.549"/>
</suite>
<statistics>
<total>
<stat pass="4" fail="0" skip="0">All Tests</stat>
</total>
<tag>
<stat pass="1" fail="0" skip="0">1001</stat>
<stat pass="1" fail="0" skip="0">1002</stat>
<stat pass="1" fail="0" skip="0">1004</stat>
<stat pass="1" fail="0" skip="0">1006</stat>
<stat pass="1" fail="0" skip="0">Contacts</stat>
<stat pass="1" fail="0" skip="0">Home</stat>
<stat pass="1" fail="0" skip="0">Login</stat>
<stat pass="1" fail="0" skip="0">LogOut</stat>
<stat pass="4" fail="0" skip="0">Smoke</stat>
</tag>
<suite>
<stat pass="4" fail="0" skip="0" id="s1" name="RobotFrameworkTutorial1">RobotFrameworkTutorial1</stat>
<stat pass="4" fail="0" skip="0" id="s1-s1" name="Tests">RobotFrameworkTutorial1.Tests</stat>
<stat pass="4" fail="0" skip="0" id="s1-s1-s1" name="Crm">RobotFrameworkTutorial1.Tests.Crm</stat>
</suite>
</statistics>
<errors>
</errors>
</robot>
