<?xml version="1.0" encoding="UTF-8"?>
<robot generator="Robot 6.1.1 (Python 3.9.13 on win32)" generated="20230830 19:47:14.468" rpa="false" schemaversion="4">
<suite id="s1" name="FrontOffice" source="C:\Users\War Machine\Desktop\RobotFrameworkCourse\ChallengePart1\Tests\FrontOffice.robot">
<test id="s1-t1" name="Test case number 1" line="11">
<kw name="Begin Web Test" library="Common" type="SETUP">
<arg>https://automationplayground.com/front-office/</arg>
<arg>chrome</arg>
<kw name="Set Selenium Timeout" library="SeleniumLibrary">
<arg>10s</arg>
<doc>Sets the timeout that is used by various keywords.</doc>
<status status="PASS" starttime="20230830 19:47:14.622" endtime="20230830 19:47:14.622"/>
</kw>
<kw name="Log" library="BuiltIn">
<arg>Starting the test case!</arg>
<doc>Logs the given message with the given level.</doc>
<msg timestamp="20230830 19:47:14.622" level="INFO">Starting the test case!</msg>
<status status="PASS" starttime="20230830 19:47:14.622" endtime="20230830 19:47:14.622"/>
</kw>
<kw name="Open Browser" library="SeleniumLibrary">
<arg>${start_url}</arg>
<arg>${browser}</arg>
<doc>Opens a new browser instance to the optional ``url``.</doc>
<msg timestamp="20230830 19:47:14.623" level="INFO">Opening browser 'chrome' to base url 'https://automationplayground.com/front-office/'.</msg>
<status status="PASS" starttime="20230830 19:47:14.622" endtime="20230830 19:47:19.840"/>
</kw>
<kw name="Set Window Position" library="SeleniumLibrary">
<arg>x=341</arg>
<arg>y=169</arg>
<doc>Sets window position using ``x`` and ``y`` coordinates.</doc>
<status status="PASS" starttime="20230830 19:47:19.841" endtime="20230830 19:47:19.949"/>
</kw>
<kw name="Set Window Size" library="SeleniumLibrary">
<arg>width=1920</arg>
<arg>height=1080</arg>
<doc>Sets current windows size to given ``width`` and ``height``.</doc>
<status status="PASS" starttime="20230830 19:47:19.949" endtime="20230830 19:47:20.058"/>
</kw>
<status status="PASS" starttime="20230830 19:47:14.622" endtime="20230830 19:47:20.058"/>
</kw>
<kw name="Log" library="BuiltIn">
<arg>Hello This is the test #1</arg>
<doc>Logs the given message with the given level.</doc>
<msg timestamp="20230830 19:47:20.058" level="INFO">Hello This is the test #1</msg>
<status status="PASS" starttime="20230830 19:47:20.058" endtime="20230830 19:47:20.058"/>
</kw>
<status status="PASS" starttime="20230830 19:47:14.622" endtime="20230830 19:47:20.058"/>
</test>
<test id="s1-t2" name="Test case number 2" line="14">
<kw name="Begin Web Test" library="Common" type="SETUP">
<arg>https://automationplayground.com/front-office/</arg>
<arg>chrome</arg>
<kw name="Set Selenium Timeout" library="SeleniumLibrary">
<arg>10s</arg>
<doc>Sets the timeout that is used by various keywords.</doc>
<status status="PASS" starttime="20230830 19:47:20.059" endtime="20230830 19:47:20.061"/>
</kw>
<kw name="Log" library="BuiltIn">
<arg>Starting the test case!</arg>
<doc>Logs the given message with the given level.</doc>
<msg timestamp="20230830 19:47:20.061" level="INFO">Starting the test case!</msg>
<status status="PASS" starttime="20230830 19:47:20.061" endtime="20230830 19:47:20.061"/>
</kw>
<kw name="Open Browser" library="SeleniumLibrary">
<arg>${start_url}</arg>
<arg>${browser}</arg>
<doc>Opens a new browser instance to the optional ``url``.</doc>
<msg timestamp="20230830 19:47:20.061" level="INFO">Opening browser 'chrome' to base url 'https://automationplayground.com/front-office/'.</msg>
<status status="PASS" starttime="20230830 19:47:20.061" endtime="20230830 19:47:24.333"/>
</kw>
<kw name="Set Window Position" library="SeleniumLibrary">
<arg>x=341</arg>
<arg>y=169</arg>
<doc>Sets window position using ``x`` and ``y`` coordinates.</doc>
<status status="PASS" starttime="20230830 19:47:24.333" endtime="20230830 19:47:24.441"/>
</kw>
<kw name="Set Window Size" library="SeleniumLibrary">
<arg>width=1920</arg>
<arg>height=1080</arg>
<doc>Sets current windows size to given ``width`` and ``height``.</doc>
<status status="PASS" starttime="20230830 19:47:24.442" endtime="20230830 19:47:24.551"/>
</kw>
<status status="PASS" starttime="20230830 19:47:20.059" endtime="20230830 19:47:24.551"/>
</kw>
<kw name="Log" library="BuiltIn">
<arg>Hello This is the test #2</arg>
<doc>Logs the given message with the given level.</doc>
<msg timestamp="20230830 19:47:24.552" level="INFO">Hello This is the test #2</msg>
<status status="PASS" starttime="20230830 19:47:24.551" endtime="20230830 19:47:24.552"/>
</kw>
<status status="PASS" starttime="20230830 19:47:20.058" endtime="20230830 19:47:24.552"/>
</test>
<status status="PASS" starttime="20230830 19:47:14.472" endtime="20230830 19:47:24.552"/>
</suite>
<statistics>
<total>
<stat pass="2" fail="0" skip="0">All Tests</stat>
</total>
<tag>
</tag>
<suite>
<stat pass="2" fail="0" skip="0" id="s1" name="FrontOffice">FrontOffice</stat>
</suite>
</statistics>
<errors>
</errors>
</robot>
